<?xml version="1.0" encoding="UTF-8"?>
<testsuite xmlns:xsi="http://www.w3.org/2001/XMLSchema-instance" xsi:noNamespaceSchemaLocation="https://maven.apache.org/surefire/maven-surefire-plugin/xsd/surefire-test-report.xsd" name="RunCucumberTest" time="0.383" tests="3" errors="0" skipped="0" failures="0">
  <properties>
[...]
</properties>
  <testcase name="Given that a is 2 and b is 4" classname="Scenario: Is it adding correctly?" time="0.002"/>
  <testcase name="Then c should be 6" classname="Scenario: Is it adding correctly?" time="0"/>
  <testcase name="Scenario: Is it adding correctly?" classname="Scenario: Is it adding correctly?" time="0"/>
</testsuite>